<?xml version="1.0" encoding="UTF-8" ?>
<testsuite failures="1" time="9.319" errors="0" skipped="0" tests="33" name="org.languagetool.commandline.MainTest">
  <properties>
    <property name="java.runtime.name" value="Java(TM) SE Runtime Environment"/>
    <property name="sun.boot.library.path" value="C:\Program Files\Java\jdk1.7.0_02\jre\bin"/>
    <property name="java.vm.version" value="22.0-b10"/>
    <property name="java.vm.vendor" value="Oracle Corporation"/>
    <property name="java.vendor.url" value="http://java.oracle.com/"/>
    <property name="path.separator" value=";"/>
    <property name="java.vm.name" value="Java HotSpot(TM) 64-Bit Server VM"/>
    <property name="file.encoding.pkg" value="sun.io"/>
    <property name="user.script" value=""/>
    <property name="user.country" value="PL"/>
    <property name="sun.java.launcher" value="SUN_STANDARD"/>
    <property name="sun.os.patch.level" value="Service Pack 1"/>
    <property name="java.vm.specification.name" value="Java Virtual Machine Specification"/>
    <property name="user.dir" value="D:\Eclipse-workspace\languagetool-parent\languagetool-commandline"/>
    <property name="java.runtime.version" value="1.7.0_02-b13"/>
    <property name="java.awt.graphicsenv" value="sun.awt.Win32GraphicsEnvironment"/>
    <property name="basedir" value="D:\Eclipse-workspace\languagetool-parent\languagetool-commandline"/>
    <property name="java.endorsed.dirs" value="C:\Program Files\Java\jdk1.7.0_02\jre\lib\endorsed"/>
    <property name="os.arch" value="amd64"/>
    <property name="surefire.real.class.path" value="D:\Eclipse-workspace\languagetool-parent\languagetool-commandline\target\surefire\surefirebooter5835919632568828924.jar"/>
    <property name="java.io.tmpdir" value="C:\Users\user\AppData\Local\Temp\"/>
    <property name="line.separator" value="
"/>
    <property name="java.vm.specification.vendor" value="Oracle Corporation"/>
    <property name="user.variant" value=""/>
    <property name="os.name" value="Windows 7"/>
    <property name="sun.jnu.encoding" value="Cp1250"/>
    <property name="java.library.path" value="C:\Program Files\Java\jdk1.7.0_02\jre\bin;C:\Windows\Sun\Java\bin;C:\Windows\system32;C:\Windows;C:/Program Files/Java/jdk1.7.0_02/bin/../jre/bin/server;C:/Program Files/Java/jdk1.7.0_02/bin/../jre/bin;C:/Program Files/Java/jdk1.7.0_02/bin/../jre/lib/amd64;G:\Python27\Lib\site-packages\PyQt4\bin;C:\Program Files (x86)\Common Files\SIL;C:\Program Files (x86)\Common Files\SIL\EC_VS9.0.30729Libs;D:\Program-user-level\fieldworks\;C:\Program Files\Java\jdk1.7.0_02\bin;C:\Program Files\Common Files\Microsoft Shared\Windows Live;C:\Program Files (x86)\Common Files\Microsoft Shared\Windows Live;C:\Program Files (x86)\NVIDIA Corporation\PhysX\Common;C:\Windows\system32;C:\Windows;C:\Windows\System32\Wbem;C:\Windows\System32\WindowsPowerShell\v1.0\;C:\Program Files (x86)\Calibre2\;C:\Program Files\MiKTeX 2.9\miktex\bin\x64\;C:\Program Files (x86)\Windows Live\Shared;G:\Apertium\usr\local\bin;C:\Program Files\Microsoft Windows Performance Toolkit\;C:\Program Files (x86)\Graphviz 2.28\bin;C:\Program Files\TortoiseSVN\bin;C:\Program Files\Calibre2\;C:\Program Files (x86)\Common Files\Enchant\;C:\Program Files (x86)\CMake 2.8\bin;C:\Program Files (x86)\Common Files\GTK\2.0\bin;G:\Ruby193\bin;C:\Program Files (x86)\GmoteServer\bin\vlc;D:\Program-user-level\apache-maven-3.0.4\bin;D:\eclipse;;."/>
    <property name="surefire.test.class.path" value="D:\Eclipse-workspace\languagetool-parent\languagetool-commandline\target\test-classes;D:\Eclipse-workspace\languagetool-parent\languagetool-commandline\target\classes;D:\Eclipse-workspace\languagetool-parent\languagetool-core\target\classes;C:\Users\user\.m2\repository\commons-lang\commons-lang\2.4\commons-lang-2.4.jar;C:\Users\user\.m2\repository\net\java\dev\jna\jna\3.4.0\jna-3.4.0.jar;C:\Users\user\.m2\repository\de\abelssoft\jwordsplitter\3.4\jwordsplitter-3.4.jar;C:\Users\user\.m2\repository\org\carrot2\morfologik-fsa\1.5.4\morfologik-fsa-1.5.4.jar;C:\Users\user\.m2\repository\org\carrot2\morfologik-speller\1.5.4\morfologik-speller-1.5.4.jar;C:\Users\user\.m2\repository\org\carrot2\morfologik-stemming\1.5.4\morfologik-stemming-1.5.4.jar;C:\Users\user\.m2\repository\net\sourceforge\segment\segment\1.4.1\segment-1.4.1.jar;C:\Users\user\.m2\repository\commons-logging\commons-logging\1.1.1\commons-logging-1.1.1.jar;C:\Users\user\.m2\repository\org\apache\tika\tika-core\0.9\tika-core-0.9.jar;D:\Eclipse-workspace\languagetool-parent\languagetool-language-modules\all\target\classes;D:\Eclipse-workspace\languagetool-parent\languagetool-language-modules\en\target\classes;D:\Eclipse-workspace\languagetool-parent\languagetool-language-modules\fr\target\classes;D:\Eclipse-workspace\languagetool-parent\hunspell-native-libs\target\classes;D:\Eclipse-workspace\languagetool-parent\languagetool-language-modules\de\target\classes;D:\Eclipse-workspace\languagetool-parent\languagetool-language-modules\pl\target\classes;D:\Eclipse-workspace\languagetool-parent\languagetool-language-modules\ca\target\classes;D:\Eclipse-workspace\languagetool-parent\languagetool-language-modules\it\target\classes;D:\Eclipse-workspace\languagetool-parent\languagetool-language-modules\br\target\classes;D:\Eclipse-workspace\languagetool-parent\languagetool-language-modules\nl\target\classes;D:\Eclipse-workspace\languagetool-parent\languagetool-language-modules\pt\target\classes;D:\Eclipse-workspace\languagetool-parent\languagetool-language-modules\ru\target\classes;D:\Eclipse-workspace\languagetool-parent\languagetool-language-modules\ast\target\classes;D:\Eclipse-workspace\languagetool-parent\languagetool-language-modules\be\target\classes;D:\Eclipse-workspace\languagetool-parent\languagetool-language-modules\zh\target\classes;C:\Users\user\.m2\repository\com\googlecode\ictclas4j\ictclas4j\1.0.1\ictclas4j-1.0.1.jar;C:\Users\user\.m2\repository\com\google\code\cjftransform\1.0.1\cjftransform-1.0.1.jar;D:\Eclipse-workspace\languagetool-parent\languagetool-language-modules\da\target\classes;D:\Eclipse-workspace\languagetool-parent\languagetool-language-modules\eo\target\classes;D:\Eclipse-workspace\languagetool-parent\languagetool-language-modules\gl\target\classes;D:\Eclipse-workspace\languagetool-parent\languagetool-language-modules\el\target\classes;D:\Eclipse-workspace\languagetool-parent\languagetool-language-modules\is\target\classes;D:\Eclipse-workspace\languagetool-parent\languagetool-language-modules\ja\target\classes;C:\Users\user\.m2\repository\com\google\code\lucene-gosen-ipadic\1.2.1\lucene-gosen-ipadic-1.2.1.jar;D:\Eclipse-workspace\languagetool-parent\languagetool-language-modules\km\target\classes;D:\Eclipse-workspace\languagetool-parent\languagetool-language-modules\lt\target\classes;D:\Eclipse-workspace\languagetool-parent\languagetool-language-modules\ml\target\classes;D:\Eclipse-workspace\languagetool-parent\languagetool-language-modules\ro\target\classes;D:\Eclipse-workspace\languagetool-parent\languagetool-language-modules\sk\target\classes;D:\Eclipse-workspace\languagetool-parent\languagetool-language-modules\sl\target\classes;D:\Eclipse-workspace\languagetool-parent\languagetool-language-modules\es\target\classes;D:\Eclipse-workspace\languagetool-parent\languagetool-language-modules\sv\target\classes;D:\Eclipse-workspace\languagetool-parent\languagetool-language-modules\tl\target\classes;D:\Eclipse-workspace\languagetool-parent\languagetool-language-modules\uk\target\classes;C:\Users\user\.m2\repository\junit\junit\4.7\junit-4.7.jar;"/>
    <property name="java.specification.name" value="Java Platform API Specification"/>
    <property name="java.class.version" value="51.0"/>
    <property name="sun.management.compiler" value="HotSpot 64-Bit Tiered Compilers"/>
    <property name="os.version" value="6.1"/>
    <property name="user.home" value="C:\Users\user"/>
    <property name="user.timezone" value=""/>
    <property name="java.awt.printerjob" value="sun.awt.windows.WPrinterJob"/>
    <property name="java.specification.version" value="1.7"/>
    <property name="file.encoding" value="Cp1250"/>
    <property name="user.name" value="user"/>
    <property name="java.class.path" value="D:\Eclipse-workspace\languagetool-parent\languagetool-commandline\target\test-classes;D:\Eclipse-workspace\languagetool-parent\languagetool-commandline\target\classes;D:\Eclipse-workspace\languagetool-parent\languagetool-core\target\classes;C:\Users\user\.m2\repository\commons-lang\commons-lang\2.4\commons-lang-2.4.jar;C:\Users\user\.m2\repository\net\java\dev\jna\jna\3.4.0\jna-3.4.0.jar;C:\Users\user\.m2\repository\de\abelssoft\jwordsplitter\3.4\jwordsplitter-3.4.jar;C:\Users\user\.m2\repository\org\carrot2\morfologik-fsa\1.5.4\morfologik-fsa-1.5.4.jar;C:\Users\user\.m2\repository\org\carrot2\morfologik-speller\1.5.4\morfologik-speller-1.5.4.jar;C:\Users\user\.m2\repository\org\carrot2\morfologik-stemming\1.5.4\morfologik-stemming-1.5.4.jar;C:\Users\user\.m2\repository\net\sourceforge\segment\segment\1.4.1\segment-1.4.1.jar;C:\Users\user\.m2\repository\commons-logging\commons-logging\1.1.1\commons-logging-1.1.1.jar;C:\Users\user\.m2\repository\org\apache\tika\tika-core\0.9\tika-core-0.9.jar;D:\Eclipse-workspace\languagetool-parent\languagetool-language-modules\all\target\classes;D:\Eclipse-workspace\languagetool-parent\languagetool-language-modules\en\target\classes;D:\Eclipse-workspace\languagetool-parent\languagetool-language-modules\fr\target\classes;D:\Eclipse-workspace\languagetool-parent\hunspell-native-libs\target\classes;D:\Eclipse-workspace\languagetool-parent\languagetool-language-modules\de\target\classes;D:\Eclipse-workspace\languagetool-parent\languagetool-language-modules\pl\target\classes;D:\Eclipse-workspace\languagetool-parent\languagetool-language-modules\ca\target\classes;D:\Eclipse-workspace\languagetool-parent\languagetool-language-modules\it\target\classes;D:\Eclipse-workspace\languagetool-parent\languagetool-language-modules\br\target\classes;D:\Eclipse-workspace\languagetool-parent\languagetool-language-modules\nl\target\classes;D:\Eclipse-workspace\languagetool-parent\languagetool-language-modules\pt\target\classes;D:\Eclipse-workspace\languagetool-parent\languagetool-language-modules\ru\target\classes;D:\Eclipse-workspace\languagetool-parent\languagetool-language-modules\ast\target\classes;D:\Eclipse-workspace\languagetool-parent\languagetool-language-modules\be\target\classes;D:\Eclipse-workspace\languagetool-parent\languagetool-language-modules\zh\target\classes;C:\Users\user\.m2\repository\com\googlecode\ictclas4j\ictclas4j\1.0.1\ictclas4j-1.0.1.jar;C:\Users\user\.m2\repository\com\google\code\cjftransform\1.0.1\cjftransform-1.0.1.jar;D:\Eclipse-workspace\languagetool-parent\languagetool-language-modules\da\target\classes;D:\Eclipse-workspace\languagetool-parent\languagetool-language-modules\eo\target\classes;D:\Eclipse-workspace\languagetool-parent\languagetool-language-modules\gl\target\classes;D:\Eclipse-workspace\languagetool-parent\languagetool-language-modules\el\target\classes;D:\Eclipse-workspace\languagetool-parent\languagetool-language-modules\is\target\classes;D:\Eclipse-workspace\languagetool-parent\languagetool-language-modules\ja\target\classes;C:\Users\user\.m2\repository\com\google\code\lucene-gosen-ipadic\1.2.1\lucene-gosen-ipadic-1.2.1.jar;D:\Eclipse-workspace\languagetool-parent\languagetool-language-modules\km\target\classes;D:\Eclipse-workspace\languagetool-parent\languagetool-language-modules\lt\target\classes;D:\Eclipse-workspace\languagetool-parent\languagetool-language-modules\ml\target\classes;D:\Eclipse-workspace\languagetool-parent\languagetool-language-modules\ro\target\classes;D:\Eclipse-workspace\languagetool-parent\languagetool-language-modules\sk\target\classes;D:\Eclipse-workspace\languagetool-parent\languagetool-language-modules\sl\target\classes;D:\Eclipse-workspace\languagetool-parent\languagetool-language-modules\es\target\classes;D:\Eclipse-workspace\languagetool-parent\languagetool-language-modules\sv\target\classes;D:\Eclipse-workspace\languagetool-parent\languagetool-language-modules\tl\target\classes;D:\Eclipse-workspace\languagetool-parent\languagetool-language-modules\uk\target\classes;C:\Users\user\.m2\repository\junit\junit\4.7\junit-4.7.jar;"/>
    <property name="java.vm.specification.version" value="1.7"/>
    <property name="sun.arch.data.model" value="64"/>
    <property name="java.home" value="C:\Program Files\Java\jdk1.7.0_02\jre"/>
    <property name="sun.java.command" value="D:\Eclipse-workspace\languagetool-parent\languagetool-commandline\target\surefire\surefirebooter5835919632568828924.jar D:\Eclipse-workspace\languagetool-parent\languagetool-commandline\target\surefire\surefire1128801555110839089tmp D:\Eclipse-workspace\languagetool-parent\languagetool-commandline\target\surefire\surefire4718799950982145149tmp"/>
    <property name="java.specification.vendor" value="Oracle Corporation"/>
    <property name="user.language" value="pl"/>
    <property name="awt.toolkit" value="sun.awt.windows.WToolkit"/>
    <property name="java.vm.info" value="mixed mode"/>
    <property name="java.version" value="1.7.0_02"/>
    <property name="java.ext.dirs" value="C:\Program Files\Java\jdk1.7.0_02\jre\lib\ext;C:\Windows\Sun\Java\lib\ext"/>
    <property name="sun.boot.class.path" value="C:\Program Files\Java\jdk1.7.0_02\jre\lib\resources.jar;C:\Program Files\Java\jdk1.7.0_02\jre\lib\rt.jar;C:\Program Files\Java\jdk1.7.0_02\jre\lib\sunrsasign.jar;C:\Program Files\Java\jdk1.7.0_02\jre\lib\jsse.jar;C:\Program Files\Java\jdk1.7.0_02\jre\lib\jce.jar;C:\Program Files\Java\jdk1.7.0_02\jre\lib\charsets.jar;C:\Program Files\Java\jdk1.7.0_02\jre\classes"/>
    <property name="java.vendor" value="Oracle Corporation"/>
    <property name="localRepository" value="C:\Users\user\.m2\repository"/>
    <property name="file.separator" value="\"/>
    <property name="java.vendor.url.bug" value="http://bugreport.sun.com/bugreport/"/>
    <property name="sun.cpu.endian" value="little"/>
    <property name="sun.io.unicode.encoding" value="UnicodeLittle"/>
    <property name="sun.desktop" value="windows"/>
    <property name="sun.cpu.isalist" value="amd64"/>
  </properties>
  <testcase time="0.011" classname="org.languagetool.commandline.MainTest" name="testUsageMessage"/>
  <testcase time="0.002" classname="org.languagetool.commandline.MainTest" name="testPrintLanguages"/>
  <testcase time="0.756" classname="org.languagetool.commandline.MainTest" name="testEnglishFile"/>
  <testcase time="0.679" classname="org.languagetool.commandline.MainTest" name="testEnglishFileAutoDetect"/>
  <testcase time="0.421" classname="org.languagetool.commandline.MainTest" name="testEnglishStdInAutoDetect"/>
  <testcase time="0.067" classname="org.languagetool.commandline.MainTest" name="testEnglishFileVerbose"/>
  <testcase time="0.086" classname="org.languagetool.commandline.MainTest" name="testEnglishStdIn1"/>
  <testcase time="0.06" classname="org.languagetool.commandline.MainTest" name="testEnglishStdIn2"/>
  <testcase time="0.046" classname="org.languagetool.commandline.MainTest" name="testEnglishStdIn3"/>
  <testcase time="0.062" classname="org.languagetool.commandline.MainTest" name="testEnglishStdIn4"/>
  <testcase time="0.052" classname="org.languagetool.commandline.MainTest" name="testEnglishLineMode"/>
  <testcase time="0.055" classname="org.languagetool.commandline.MainTest" name="testEnglishParaMode"/>
  <testcase time="1.197" classname="org.languagetool.commandline.MainTest" name="testPolishStdInDefaultOff"/>
  <testcase time="1.49" classname="org.languagetool.commandline.MainTest" name="testPolishSpelling"/>
  <testcase time="0.055" classname="org.languagetool.commandline.MainTest" name="testEnglishFileRuleDisabled"/>
  <testcase time="0.499" classname="org.languagetool.commandline.MainTest" name="testEnglishFileRuleEnabled"/>
  <testcase time="0.033" classname="org.languagetool.commandline.MainTest" name="testEnglishFileAPI"/>
  <testcase time="0.597" classname="org.languagetool.commandline.MainTest" name="testGermanFileWithURL"/>
  <testcase time="0.081" classname="org.languagetool.commandline.MainTest" name="testPolishFileAPI">
    <failure message="null" type="junit.framework.AssertionFailedError">junit.framework.AssertionFailedError: null
	at junit.framework.Assert.fail(Assert.java:47)
	at junit.framework.Assert.assertTrue(Assert.java:20)
	at junit.framework.Assert.assertTrue(Assert.java:27)
	at org.languagetool.commandline.MainTest.testPolishFileAPI(MainTest.java:322)
	at sun.reflect.NativeMethodAccessorImpl.invoke0(Native Method)
	at sun.reflect.NativeMethodAccessorImpl.invoke(NativeMethodAccessorImpl.java:57)
	at sun.reflect.DelegatingMethodAccessorImpl.invoke(DelegatingMethodAccessorImpl.java:43)
	at java.lang.reflect.Method.invoke(Method.java:601)
	at junit.framework.TestCase.runTest(TestCase.java:168)
	at junit.framework.TestCase.runBare(TestCase.java:134)
	at junit.framework.TestResult$1.protect(TestResult.java:110)
	at junit.framework.TestResult.runProtected(TestResult.java:128)
	at junit.framework.TestResult.run(TestResult.java:113)
	at junit.framework.TestCase.run(TestCase.java:124)
	at junit.framework.TestSuite.runTest(TestSuite.java:232)
	at junit.framework.TestSuite.run(TestSuite.java:227)
	at org.junit.internal.runners.JUnit38ClassRunner.run(JUnit38ClassRunner.java:83)
	at org.apache.maven.surefire.junit4.JUnit4TestSet.execute(JUnit4TestSet.java:35)
	at org.apache.maven.surefire.junit4.JUnit4Provider.executeTestSet(JUnit4Provider.java:146)
	at org.apache.maven.surefire.junit4.JUnit4Provider.invoke(JUnit4Provider.java:97)
	at sun.reflect.NativeMethodAccessorImpl.invoke0(Native Method)
	at sun.reflect.NativeMethodAccessorImpl.invoke(NativeMethodAccessorImpl.java:57)
	at sun.reflect.DelegatingMethodAccessorImpl.invoke(DelegatingMethodAccessorImpl.java:43)
	at java.lang.reflect.Method.invoke(Method.java:601)
	at org.apache.maven.surefire.booter.ProviderFactory$ClassLoaderProxy.invoke(ProviderFactory.java:103)
	at $Proxy0.invoke(Unknown Source)
	at org.apache.maven.surefire.booter.SurefireStarter.invokeProvider(SurefireStarter.java:145)
	at org.apache.maven.surefire.booter.SurefireStarter.runSuitesInProcess(SurefireStarter.java:87)
	at org.apache.maven.surefire.booter.ForkedBooter.main(ForkedBooter.java:69)
</failure>
  </testcase>
  <testcase time="0.061" classname="org.languagetool.commandline.MainTest" name="testPolishLineNumbers"/>
  <testcase time="0.038" classname="org.languagetool.commandline.MainTest" name="testEnglishTagger"/>
  <testcase time="0.223" classname="org.languagetool.commandline.MainTest" name="testBitextMode"/>
  <testcase time="0.113" classname="org.languagetool.commandline.MainTest" name="testBitextModeApply"/>
  <testcase time="0.042" classname="org.languagetool.commandline.MainTest" name="testListUnknown"/>
  <testcase time="0.065" classname="org.languagetool.commandline.MainTest" name="testNoListUnknown"/>
  <testcase time="0.058" classname="org.languagetool.commandline.MainTest" name="testLangWithCountryVariant"/>
  <testcase time="0.051" classname="org.languagetool.commandline.MainTest" name="testNoXmlFilteringByDefault"/>
  <testcase time="0.027" classname="org.languagetool.commandline.MainTest" name="testXmlFiltering"/>
  <testcase time="0.023" classname="org.languagetool.commandline.MainTest" name="testEnglishFileApplySuggestions"/>
  <testcase time="0.496" classname="org.languagetool.commandline.MainTest" name="testEnglishFileFakeRuleEnabled"/>
  <testcase time="0.142" classname="org.languagetool.commandline.MainTest" name="testBitextModeWithDisabledRule"/>
  <testcase time="1.675" classname="org.languagetool.commandline.MainTest" name="testBitextModeWithEnabledRule"/>
  <testcase time="0" classname="org.languagetool.commandline.MainTest" name="testSomething"/>
</testsuite>